<?xml version="1.0" encoding="UTF-8"?>
<!-- Generated by org.testng.reporters.JUnitReportReporter -->
<testsuite hostname="DESKTOP-21UI22B" failures="0" tests="1" name="practices.ContactTest" time="0.013" errors="0" timestamp="2022-09-25T00:04:13 IST" skipped="0">
  <testcase classname="practices.ContactTest" name="contact" time="0.013"/>
  <system-out/>
</testsuite> <!-- practices.ContactTest -->
